Build started 29.3.2014 14:43:13.
     1>Project "C:\lalli\leikja\Vortex.vcxproj" on node 2 (build target(s)).
     1>InitializeBuildStatus:
         Creating "Debug\Vortex.unsuccessfulbuild" because "AlwaysCreate" was specified.
       ClCompile:
         C:\Program Files (x86)\Microsoft Visual Studio 10.0\VC\bin\CL.exe /c /I"C:\OgreSDK\OgreSDK_vc10_v1-9-0\include\OIS" /I"C:\OgreSDK\OgreSDK_vc10_v1-9-0\include\OGRE" /I"C:\OgreSDK\OgreSDK_vc10_v1-9-0\include" /I"C:\OgreSDK\OgreSDK_vc10_v1-9-0\boost" /ZI /nologo /W3 /WX- /Od /Oy- /D WIN32 /D _DEBUG /D _CONSOLE /D _UNICODE /D UNICODE /Gm /EHsc /RTC1 /MDd /GS /fp:precise /Zc:wchar_t /Zc:forScope /Fo"Debug\\" /Fd"Debug\vc100.pdb" /Gd /TP /analyze- /errorReport:prompt MyApplication.cpp
         MyApplication.cpp
       ManifestResourceCompile:
         All outputs are up-to-date.
       Link:
         C:\Program Files (x86)\Microsoft Visual Studio 10.0\VC\bin\link.exe /ERRORREPORT:PROMPT /OUT:"C:\lalli\leikja\Debug\Vortex\Vortex.exe" /INCREMENTAL /NOLOGO /LIBPATH:"C:\OgreSDK\OgreSDK_vc10_v1-9-0\boost\lib" /LIBPATH:"C:\OgreSDK\OgreSDK_vc10_v1-9-0\lib\debug" kernel32.lib user32.lib gdi32.lib winspool.lib comdlg32.lib advapi32.lib shell32.lib ole32.lib oleaut32.lib uuid.lib odbc32.lib odbccp32.lib OgreMain_d.lib OIS_d.lib kernel32.lib user32.lib gdi32.lib winspool.lib comdlg32.lib advapi32.lib shell32.lib ole32.lib oleaut32.lib uuid.lib odbc32.lib odbccp32.lib /MANIFEST /ManifestFile:"Debug\Vortex.exe.intermediate.manifest" /MANIFESTUAC:"level='asInvoker' uiAccess='false'" /DEBUG /PDB:"C:\lalli\leikja\Debug\Vortex\Vortex.pdb" /SUBSYSTEM:CONSOLE /TLBID:1 /DYNAMICBASE /NXCOMPAT /IMPLIB:"C:\lalli\leikja\Debug\Vortex\Vortex.lib" /MACHINE:X86 Debug\Vortex.exe.embed.manifest.res
         Debug\Main.obj
         Debug\MyApplication.obj
         Debug\MyFrameListener.obj
       Manifest:
         C:\Program Files (x86)\Microsoft SDKs\Windows\v7.0A\bin\mt.exe /nologo /verbose /out:"Debug\Vortex.exe.embed.manifest" /manifest Debug\Vortex.exe.intermediate.manifest
         All outputs are up-to-date.
       LinkEmbedManifest:
         All outputs are up-to-date.
         Vortex.vcxproj -> C:\lalli\leikja\Debug\Vortex\Vortex.exe
       FinalizeBuildStatus:
         Deleting file "Debug\Vortex.unsuccessfulbuild".
         Touching "Debug\Vortex.lastbuildstate".
     1>Done Building Project "C:\lalli\leikja\Vortex.vcxproj" (build target(s)).

Build succeeded.

Time Elapsed 00:00:29.73
